TN:
SF:src/McpBridge.ts
FN:29,(anonymous_0)
FN:37,(anonymous_1)
FN:44,(anonymous_2)
FN:52,(anonymous_3)
FN:74,(anonymous_4)
FN:94,(anonymous_5)
FN:98,(anonymous_6)
FN:108,(anonymous_7)
FN:120,(anonymous_8)
FN:130,(anonymous_9)
FN:131,(anonymous_10)
FN:138,(anonymous_11)
FN:179,(anonymous_12)
FN:180,(anonymous_13)
FN:194,createConnectedBridge
FN:201,(anonymous_15)
FNF:16
FNH:12
FNDA:43,(anonymous_0)
FNDA:7,(anonymous_1)
FNDA:44,(anonymous_2)
FNDA:11,(anonymous_3)
FNDA:38,(anonymous_4)
FNDA:12,(anonymous_5)
FNDA:12,(anonymous_6)
FNDA:41,(anonymous_7)
FNDA:41,(anonymous_8)
FNDA:11,(anonymous_9)
FNDA:0,(anonymous_10)
FNDA:0,(anonymous_11)
FNDA:43,(anonymous_12)
FNDA:12,(anonymous_13)
FNDA:0,createConnectedBridge
FNDA:0,(anonymous_15)
DA:20,43
DA:22,43
DA:23,43
DA:30,43
DA:31,43
DA:38,7
DA:45,44
DA:53,11
DA:67,11
DA:68,11
DA:75,38
DA:77,38
DA:79,38
DA:80,29
DA:81,29
DA:82,29
DA:84,9
DA:87,38
DA:95,12
DA:99,12
DA:100,11
DA:101,11
DA:103,1
DA:109,41
DA:110,41
DA:111,39
DA:112,39
DA:113,39
DA:116,2
DA:121,41
DA:122,41
DA:123,40
DA:124,39
DA:126,2
DA:131,11
DA:132,0
DA:133,0
DA:135,0
DA:138,11
DA:139,0
DA:141,0
DA:142,0
DA:148,0
DA:149,0
DA:151,0
DA:152,0
DA:158,0
DA:159,0
DA:160,0
DA:166,0
DA:170,0
DA:171,0
DA:180,43
DA:181,12
DA:182,12
DA:183,12
DA:184,12
DA:195,0
DA:196,0
DA:198,0
DA:199,0
DA:201,0
DA:202,0
DA:203,0
DA:205,0
DA:209,0
LF:66
LH:41
BRDA:30,0,0,43
BRDA:30,0,1,0
BRDA:79,1,0,29
BRDA:79,1,1,9
BRDA:111,2,0,39
BRDA:111,2,1,0
BRDA:132,3,0,0
BRDA:132,3,1,0
BRDA:132,4,0,0
BRDA:132,4,1,0
BRDA:139,5,0,0
BRDA:141,6,0,0
BRDA:141,6,1,0
BRDA:151,7,0,0
BRDA:151,7,1,0
BRDA:159,8,0,0
BRDA:159,8,1,0
BRDA:170,9,0,0
BRDA:170,9,1,0
BRF:19
BRH:4
end_of_record
TN:
SF:src/StreamDeckClient.ts
FN:53,(anonymous_0)
FN:54,(anonymous_1)
FN:55,(anonymous_2)
FN:64,(anonymous_3)
FN:74,(anonymous_4)
FN:89,(anonymous_5)
FN:90,(anonymous_6)
FN:93,(anonymous_7)
FN:98,(anonymous_8)
FN:105,(anonymous_9)
FN:115,(anonymous_10)
FN:126,(anonymous_11)
FN:141,(anonymous_12)
FN:156,(anonymous_13)
FN:163,(anonymous_14)
FN:175,(anonymous_15)
FN:181,(anonymous_16)
FN:184,(anonymous_17)
FN:192,(anonymous_18)
FN:197,(anonymous_19)
FN:208,(anonymous_20)
FN:228,(anonymous_21)
FN:232,(anonymous_22)
FN:239,(anonymous_23)
FN:254,(anonymous_24)
FN:262,(anonymous_25)
FN:263,(anonymous_26)
FN:278,(anonymous_27)
FN:281,(anonymous_28)
FN:282,(anonymous_29)
FN:283,(anonymous_30)
FNF:31
FNH:25
FNDA:23,(anonymous_0)
FNDA:0,(anonymous_1)
FNDA:0,(anonymous_2)
FNDA:8,(anonymous_3)
FNDA:3,(anonymous_4)
FNDA:20,(anonymous_5)
FNDA:20,(anonymous_6)
FNDA:1,(anonymous_7)
FNDA:18,(anonymous_8)
FNDA:1,(anonymous_9)
FNDA:25,(anonymous_10)
FNDA:4,(anonymous_11)
FNDA:10,(anonymous_12)
FNDA:2,(anonymous_13)
FNDA:2,(anonymous_14)
FNDA:1,(anonymous_15)
FNDA:0,(anonymous_16)
FNDA:0,(anonymous_17)
FNDA:2,(anonymous_18)
FNDA:18,(anonymous_19)
FNDA:15,(anonymous_20)
FNDA:0,(anonymous_21)
FNDA:1,(anonymous_22)
FNDA:14,(anonymous_23)
FNDA:17,(anonymous_24)
FNDA:14,(anonymous_25)
FNDA:1,(anonymous_26)
FNDA:18,(anonymous_27)
FNDA:15,(anonymous_28)
FNDA:18,(anonymous_29)
FNDA:0,(anonymous_30)
DA:39,23
DA:40,23
DA:41,23
DA:42,23
DA:43,23
DA:44,23
DA:54,0
DA:55,0
DA:57,23
DA:58,23
DA:65,8
DA:75,3
DA:81,3
DA:90,20
DA:91,20
DA:93,20
DA:94,1
DA:95,1
DA:98,20
DA:99,18
DA:100,18
DA:101,18
DA:102,18
DA:105,20
DA:106,1
DA:107,1
DA:116,25
DA:117,25
DA:118,25
DA:119,25
DA:127,4
DA:128,4
DA:130,3
DA:131,1
DA:134,2
DA:142,10
DA:143,10
DA:145,8
DA:146,1
DA:149,7
DA:157,2
DA:164,2
DA:167,2
DA:168,2
DA:169,2
DA:175,2
DA:176,1
DA:177,1
DA:178,1
DA:181,2
DA:182,0
DA:183,0
DA:184,0
DA:185,0
DA:186,0
DA:187,0
DA:192,2
DA:193,2
DA:198,18
DA:199,18
DA:201,18
DA:202,0
DA:203,0
DA:204,0
DA:209,15
DA:211,15
DA:212,1
DA:213,1
DA:214,1
DA:218,14
DA:219,14
DA:220,14
DA:222,14
DA:223,14
DA:229,0
DA:233,1
DA:234,1
DA:235,1
DA:240,14
DA:241,14
DA:242,14
DA:244,14
DA:245,13
DA:246,13
DA:247,13
DA:250,0
DA:255,17
DA:256,3
DA:259,14
DA:260,14
DA:262,14
DA:263,14
DA:264,1
DA:265,1
DA:268,14
DA:274,14
DA:279,18
DA:281,18
DA:282,18
DA:283,18
LF:100
LH:87
BRDA:54,0,0,0
BRDA:55,1,0,0
BRDA:65,2,0,8
BRDA:65,2,1,4
BRDA:89,3,0,1
BRDA:130,4,0,1
BRDA:130,4,1,2
BRDA:134,5,0,2
BRDA:134,5,1,0
BRDA:145,6,0,1
BRDA:145,6,1,7
BRDA:149,7,0,7
BRDA:149,7,1,0
BRDA:164,8,0,0
BRDA:164,8,1,2
BRDA:167,9,0,2
BRDA:167,9,1,0
BRDA:182,10,0,0
BRDA:182,10,1,0
BRDA:209,11,0,0
BRDA:209,11,1,15
BRDA:211,12,0,1
BRDA:211,12,1,14
BRDA:222,13,0,14
BRDA:222,13,1,0
BRDA:234,14,0,1
BRDA:234,14,1,0
BRDA:234,15,0,1
BRDA:234,15,1,1
BRDA:244,16,0,13
BRDA:244,16,1,1
BRDA:255,17,0,3
BRDA:255,17,1,14
BRDA:255,18,0,17
BRDA:255,18,1,14
BRDA:279,19,0,0
BRDA:279,19,1,18
BRF:37
BRH:25
end_of_record
TN:
SF:src/constants.ts
FNF:0
FNH:0
DA:3,9
DA:7,9
DA:11,9
DA:14,9
DA:17,9
DA:20,9
DA:23,9
DA:26,9
DA:32,9
LF:9
LH:9
BRDA:7,0,0,1
BRDA:7,0,1,8
BRDA:11,1,0,1
BRDA:11,1,1,8
BRF:4
BRH:4
end_of_record
TN:
SF:src/utils.ts
FN:11,convertToMcpTools
FN:12,(anonymous_1)
FN:28,log
FN:37,parseCliArgs
FN:83,printHelp
FNF:5
FNH:5
FNDA:45,convertToMcpTools
FNDA:30,(anonymous_1)
FNDA:173,log
FNDA:11,parseCliArgs
FNDA:1,printHelp
DA:12,45
DA:29,173
DA:38,11
DA:45,11
DA:46,13
DA:48,13
DA:50,2
DA:51,2
DA:52,2
DA:54,2
DA:57,2
DA:58,2
DA:60,3
DA:61,3
DA:62,3
DA:63,2
DA:65,3
DA:68,2
DA:69,2
DA:72,2
DA:73,2
DA:77,11
DA:84,1
LF:23
LH:23
BRDA:48,0,0,2
BRDA:48,0,1,2
BRDA:48,0,2,3
BRDA:48,0,3,2
BRDA:48,0,4,1
BRDA:48,0,5,2
BRDA:51,1,0,2
BRDA:51,1,1,0
BRDA:51,2,0,2
BRDA:51,2,1,1
BRDA:61,3,0,3
BRDA:61,3,1,0
BRDA:62,4,0,2
BRDA:62,4,1,1
BRF:14
BRH:12
end_of_record
TN:
SF:src/transports/http.ts
FN:26,startHttpTransport
FN:33,(anonymous_1)
FN:43,(anonymous_2)
FN:46,(anonymous_3)
FN:47,(anonymous_4)
FN:59,(anonymous_5)
FN:66,(anonymous_6)
FN:81,(anonymous_7)
FN:98,(anonymous_8)
FN:119,(anonymous_9)
FN:120,(anonymous_10)
FN:137,(anonymous_11)
FNF:12
FNH:0
FNDA:0,startHttpTransport
FNDA:0,(anonymous_1)
FNDA:0,(anonymous_2)
FNDA:0,(anonymous_3)
FNDA:0,(anonymous_4)
FNDA:0,(anonymous_5)
FNDA:0,(anonymous_6)
FNDA:0,(anonymous_7)
FNDA:0,(anonymous_8)
FNDA:0,(anonymous_9)
FNDA:0,(anonymous_10)
FNDA:0,(anonymous_11)
DA:27,0
DA:28,0
DA:30,0
DA:31,0
DA:33,0
DA:34,0
DA:35,0
DA:36,0
DA:38,0
DA:43,0
DA:44,0
DA:45,0
DA:46,0
DA:47,0
DA:50,0
DA:51,0
DA:52,0
DA:55,0
DA:56,0
DA:57,0
DA:59,0
DA:60,0
DA:66,0
DA:67,0
DA:70,0
DA:71,0
DA:73,0
DA:74,0
DA:75,0
DA:78,0
DA:81,0
DA:82,0
DA:84,0
DA:85,0
DA:86,0
DA:89,0
DA:90,0
DA:91,0
DA:92,0
DA:95,0
DA:98,0
DA:99,0
DA:101,0
DA:102,0
DA:103,0
DA:106,0
DA:107,0
DA:108,0
DA:109,0
DA:110,0
DA:111,0
DA:113,0
DA:119,0
DA:120,0
DA:121,0
DA:122,0
DA:126,0
DA:127,0
DA:128,0
DA:129,0
DA:130,0
DA:132,0
DA:133,0
DA:137,0
DA:138,0
DA:139,0
DA:141,0
DA:142,0
DA:143,0
DA:144,0
DA:147,0
DA:148,0
LF:72
LH:0
BRDA:26,0,0,0
BRDA:27,1,0,0
BRDA:27,1,1,0
BRDA:70,2,0,0
BRDA:70,2,1,0
BRDA:70,3,0,0
BRDA:70,3,1,0
BRDA:84,4,0,0
BRDA:84,4,1,0
BRDA:90,5,0,0
BRDA:90,5,1,0
BRDA:101,6,0,0
BRDA:101,6,1,0
BRDA:107,7,0,0
BRDA:107,7,1,0
BRDA:126,8,0,0
BRDA:126,8,1,0
BRF:17
BRH:0
end_of_record
TN:
SF:src/transports/stdio.ts
FN:9,startStdioTransport
FN:15,(anonymous_1)
FN:20,(anonymous_2)
FNF:3
FNH:0
FNDA:0,startStdioTransport
FNDA:0,(anonymous_1)
FNDA:0,(anonymous_2)
DA:10,0
DA:11,0
DA:13,0
DA:15,0
DA:16,0
DA:17,0
DA:20,0
DA:21,0
DA:22,0
LF:9
LH:0
BRF:0
BRH:0
end_of_record
